  0   6   57
  0   8   72
  0   4   25
  0   1   64
  0   2   21
  0   3   67
  0   9   72
  0   7   10
  0   5   48
  1   6   61
  1   8   43
  1   4   87
  1   2   20
  1   0   57
  1   3   29
  1   9   66
  1   7   29
  1   5   12
  2   6   38
  2   4   12
  2   1   15
  2   8   61
  2   0   31
  2   3   80
  2   9   73
  2   7   19
  2   5   29
  3   6   36
  3   8   49
  3   4   56
  3   1   87
  3   2   41
  3   0   72
  3   9   56
  3   7   58
  3   5   71
  4   6   30
  4   8   54
  4   1   66
  4   2   75
  4   0   66
  4   3   52
  4   9   40
  4   7   29
  4   5   50
  5   6   60
  5   8   84
  5   4   82
  5   1   12
  5   2   85
  5   0   46
  5   3   14
  5   9   58
  5   7   43
  6   3   56
  6   8   28
  6   4   89
  6   1   80
  6   2   67
  6   0   19
  6   9   87
  6   7   19
  6   5   54
  7   3   62
  7   8   22
  7   4   75
  7   1   69
  7   2   11
  7   0   21
  7   6   54
  7   9   59
  7   5   48
  8   3   32
  8   4   14
  8   1   60
  8   2   47
  8   0   35
  8   6   88
  8   9   52
  8   7   31
  8   5   33
  9   3   14
  9   8   25
  9   4   36
  9   1   16
  9   2   66
  9   0   79
  9   6   38
  9   7   89
  9   5   15
63 20 69 29 42 28 29 38 76 62 