  0   2   25
  0   9   48
  0   5   46
  0   3   18
  0   4   16
  0   7   49
  1   2   48
  1   7   20
  1   5   23
  1   3   11
  1   0   29
  1   9   24
  1   8   38
  2   7   21
  2   6   25
  2   3   35
  2   4   18
  2   0   47
  2   8   35
  3   2   42
  3   9   16
  3   4   38
  3   0   21
  3   7   27
  3   8   45
  4   2   10
  4   3   30
  4   0   48
  4   8   20
  5   2   28
  5   9   23
  5   6   23
  5   3   22
  5   4   11
  5   8   48
  6   7   48
  6   3   35
  6   4   27
  6   0   40
  6   9   10
  6   1   17
  6   8   35
  7   4   37
  7   1   15
  7   9   17
  7   3   33
  8   5   28
  8   4   47
  8   7   49
  8   6   31
  9   8   44
  9   1   19
  9   3   31
  9   0   36
  9   6   26
78 53 30 73 51 58 34 59 75 32 
